<?xml version="1.0" encoding="UTF-8"?>
<testng-results ignored="0" total="1" passed="1" failed="0" skipped="0">
  <reporter-output>
  </reporter-output>
  <suite started-at="2021-02-02T12:04:05 IST" name="zomentum" finished-at="2021-02-02T12:04:45 IST" duration-ms="40260">
    <groups>
    </groups>
    <test started-at="2021-02-02T12:04:05 IST" name="zomentum Login" finished-at="2021-02-02T12:04:45 IST" duration-ms="40260">
      <class name="com.zomentum.testCases.TC001_Login">
        <test-method is-config="true" signature="setup(java.lang.String)[pri:0, instance:com.zomentum.testCases.TC001_Login@d771cc9]" started-at="2021-02-02T12:04:05 IST" name="setup" finished-at="2021-02-02T12:04:13 IST" duration-ms="8653" status="PASS">
          <params>
            <param index="0">
              <value>
                <![CDATA[chrome]]>
              </value>
            </param>
          </params>
          <reporter-output>
          </reporter-output>
        </test-method> <!-- setup -->
        <test-method signature="login()[pri:0, instance:com.zomentum.testCases.TC001_Login@d771cc9]" started-at="2021-02-02T12:04:13 IST" name="login" finished-at="2021-02-02T12:04:44 IST" duration-ms="30435" status="PASS">
          <reporter-output>
          </reporter-output>
        </test-method> <!-- login -->
        <test-method is-config="true" signature="tearDown()[pri:0, instance:com.zomentum.testCases.TC001_Login@d771cc9]" started-at="2021-02-02T12:04:44 IST" name="tearDown" finished-at="2021-02-02T12:04:45 IST" duration-ms="1128" status="PASS">
          <reporter-output>
          </reporter-output>
        </test-method> <!-- tearDown -->
      </class> <!-- com.zomentum.testCases.TC001_Login -->
    </test> <!-- zomentum Login -->
  </suite> <!-- zomentum -->
</testng-results>
